<?xml version="1.0" encoding="UTF-8"?>
<testsuite xmlns:xsi="http://www.w3.org/2001/XMLSchema-instance" xsi:noNamespaceSchemaLocation="https://maven.apache.org/surefire/maven-surefire-plugin/xsd/surefire-test-report.xsd" name="com.learn.lld.designPrincipal.level1.EcommerceTest" time="0.026" tests="15" errors="0" skipped="0" failures="2">
  <properties>
    <property name="java.specification.version" value="24"/>
    <property name="sun.jnu.encoding" value="UTF-8"/>
    <property name="java.class.path" value="/Users/aryan./Code/lld/low_level_design/target/test-classes:/Users/aryan./Code/lld/low_level_design/target/classes:/Users/aryan./.m2/repository/junit/junit/4.11/junit-4.11.jar:/Users/aryan./.m2/repository/org/hamcrest/hamcrest-core/1.3/hamcrest-core-1.3.jar:/Users/aryan./.m2/repository/org/scala-lang/scala-library/2.13.0/scala-library-2.13.0.jar:"/>
    <property name="java.vm.vendor" value="Homebrew"/>
    <property name="sun.arch.data.model" value="64"/>
    <property name="java.vendor.url" value="https://github.com/Homebrew/homebrew-core/issues"/>
    <property name="os.name" value="Mac OS X"/>
    <property name="java.vm.specification.version" value="24"/>
    <property name="sun.java.launcher" value="SUN_STANDARD"/>
    <property name="user.country" value="IN"/>
    <property name="sun.boot.library.path" value="/opt/homebrew/Cellar/openjdk/24.0.1/libexec/openjdk.jdk/Contents/Home/lib"/>
    <property name="sun.java.command" value="/Users/aryan./Code/lld/low_level_design/target/surefire/surefirebooter899826888536523863.jar /Users/aryan./Code/lld/low_level_design/target/surefire 2025-07-05T13-03-01_984-jvmRun1 surefire9567577926439992502tmp surefire_013353230551616711251tmp"/>
    <property name="http.nonProxyHosts" value="local|*.local|169.254/16|*.169.254/16"/>
    <property name="jdk.debug" value="release"/>
    <property name="surefire.test.class.path" value="/Users/aryan./Code/lld/low_level_design/target/test-classes:/Users/aryan./Code/lld/low_level_design/target/classes:/Users/aryan./.m2/repository/junit/junit/4.11/junit-4.11.jar:/Users/aryan./.m2/repository/org/hamcrest/hamcrest-core/1.3/hamcrest-core-1.3.jar:/Users/aryan./.m2/repository/org/scala-lang/scala-library/2.13.0/scala-library-2.13.0.jar:"/>
    <property name="sun.cpu.endian" value="little"/>
    <property name="user.home" value="/Users/aryan."/>
    <property name="user.language" value="en"/>
    <property name="java.specification.vendor" value="Oracle Corporation"/>
    <property name="java.version.date" value="2025-04-15"/>
    <property name="java.home" value="/opt/homebrew/Cellar/openjdk/24.0.1/libexec/openjdk.jdk/Contents/Home"/>
    <property name="file.separator" value="/"/>
    <property name="basedir" value="/Users/aryan./Code/lld/low_level_design"/>
    <property name="java.vm.compressedOopsMode" value="Zero based"/>
    <property name="line.separator" value="&#10;"/>
    <property name="java.vm.specification.vendor" value="Oracle Corporation"/>
    <property name="java.specification.name" value="Java Platform API Specification"/>
    <property name="apple.awt.application.name" value="ForkedBooter"/>
    <property name="surefire.real.class.path" value="/Users/aryan./Code/lld/low_level_design/target/surefire/surefirebooter899826888536523863.jar"/>
    <property name="sun.management.compiler" value="HotSpot 64-Bit Tiered Compilers"/>
    <property name="ftp.nonProxyHosts" value="local|*.local|169.254/16|*.169.254/16"/>
    <property name="java.runtime.version" value="24.0.1"/>
    <property name="user.name" value="aryan."/>
    <property name="stdout.encoding" value="UTF-8"/>
    <property name="path.separator" value=":"/>
    <property name="os.version" value="15.3.1"/>
    <property name="java.runtime.name" value="OpenJDK Runtime Environment"/>
    <property name="file.encoding" value="UTF-8"/>
    <property name="java.vm.name" value="OpenJDK 64-Bit Server VM"/>
    <property name="java.vendor.version" value="Homebrew"/>
    <property name="localRepository" value="/Users/aryan./.m2/repository"/>
    <property name="java.vendor.url.bug" value="https://github.com/Homebrew/homebrew-core/issues"/>
    <property name="java.io.tmpdir" value="/var/folders/15/nwz5szcd0fb722nr5f0z8p1w0000gn/T/"/>
    <property name="java.version" value="24.0.1"/>
    <property name="user.dir" value="/Users/aryan./Code/lld/low_level_design"/>
    <property name="os.arch" value="aarch64"/>
    <property name="java.vm.specification.name" value="Java Virtual Machine Specification"/>
    <property name="native.encoding" value="UTF-8"/>
    <property name="java.library.path" value="/Users/aryan./Library/Java/Extensions:/Library/Java/Extensions:/Network/Library/Java/Extensions:/System/Library/Java/Extensions:/usr/lib/java:."/>
    <property name="java.vm.info" value="mixed mode, sharing"/>
    <property name="stderr.encoding" value="UTF-8"/>
    <property name="java.vendor" value="Homebrew"/>
    <property name="java.vm.version" value="24.0.1"/>
    <property name="sun.io.unicode.encoding" value="UnicodeBig"/>
    <property name="socksNonProxyHosts" value="local|*.local|169.254/16|*.169.254/16"/>
    <property name="java.class.version" value="68.0"/>
  </properties>
  <testcase name="testMultipleProductsPrice" classname="com.learn.lld.designPrincipal.level1.EcommerceTest" time="0"/>
  <testcase name="testFixedDiscountGreaterThanTotal" classname="com.learn.lld.designPrincipal.level1.EcommerceTest" time="0"/>
  <testcase name="testRemoveProduct" classname="com.learn.lld.designPrincipal.level1.EcommerceTest" time="0"/>
  <testcase name="testFixedDiscount" classname="com.learn.lld.designPrincipal.level1.EcommerceTest" time="0"/>
  <testcase name="testAddProductWithZeroQuantity" classname="com.learn.lld.designPrincipal.level1.EcommerceTest" time="0"/>
  <testcase name="testInvalidPercentageDiscount" classname="com.learn.lld.designPrincipal.level1.EcommerceTest" time="0"/>
  <testcase name="testPercentageDiscount" classname="com.learn.lld.designPrincipal.level1.EcommerceTest" time="0"/>
  <testcase name="testCheckoutWithEmptyCart" classname="com.learn.lld.designPrincipal.level1.EcommerceTest" time="0"/>
  <testcase name="testAddNullProduct" classname="com.learn.lld.designPrincipal.level1.EcommerceTest" time="0"/>
  <testcase name="testComplexCheckoutScenario" classname="com.learn.lld.designPrincipal.level1.EcommerceTest" time="0.025">
    <failure type="java.lang.AssertionError">java.lang.AssertionError
	at com.learn.lld.designPrincipal.level1.EcommerceTest.testComplexCheckoutScenario(EcommerceTest.java:122)
</failure>
  </testcase>
  <testcase name="testNegativeFixedDiscount" classname="com.learn.lld.designPrincipal.level1.EcommerceTest" time="0.001"/>
  <testcase name="testAddProduct" classname="com.learn.lld.designPrincipal.level1.EcommerceTest" time="0"/>
  <testcase name="testAddProductWithNegativeQuantity" classname="com.learn.lld.designPrincipal.level1.EcommerceTest" time="0"/>
  <testcase name="testCheckoutWithNullCard" classname="com.learn.lld.designPrincipal.level1.EcommerceTest" time="0"/>
  <testcase name="testSuccessfulCheckout" classname="com.learn.lld.designPrincipal.level1.EcommerceTest" time="0">
    <failure type="java.lang.AssertionError">java.lang.AssertionError
	at com.learn.lld.designPrincipal.level1.EcommerceTest.testSuccessfulCheckout(EcommerceTest.java:83)
</failure>
  </testcase>
</testsuite>