<?xml version="1.0" encoding="UTF-8"?>
<testsuite xmlns:xsi="http://www.w3.org/2001/XMLSchema-instance" xsi:noNamespaceSchemaLocation="https://maven.apache.org/surefire/maven-surefire-plugin/xsd/surefire-test-report.xsd" name="com.learn.lld.designPrincipal.level1.EcommerceTest" time="0.026" tests="15" errors="0" skipped="0" failures="2">
  <properties>
[...]
</properties>
  <testcase name="testMultipleProductsPrice" classname="com.learn.lld.designPrincipal.level1.EcommerceTest" time="0"/>
  <testcase name="testFixedDiscountGreaterThanTotal" classname="com.learn.lld.designPrincipal.level1.EcommerceTest" time="0"/>
  <testcase name="testRemoveProduct" classname="com.learn.lld.designPrincipal.level1.EcommerceTest" time="0"/>
  <testcase name="testFixedDiscount" classname="com.learn.lld.designPrincipal.level1.EcommerceTest" time="0"/>
  <testcase name="testAddProductWithZeroQuantity" classname="com.learn.lld.designPrincipal.level1.EcommerceTest" time="0"/>
  <testcase name="testInvalidPercentageDiscount" classname="com.learn.lld.designPrincipal.level1.EcommerceTest" time="0"/>
  <testcase name="testPercentageDiscount" classname="com.learn.lld.designPrincipal.level1.EcommerceTest" time="0"/>
  <testcase name="testCheckoutWithEmptyCart" classname="com.learn.lld.designPrincipal.level1.EcommerceTest" time="0"/>
  <testcase name="testAddNullProduct" classname="com.learn.lld.designPrincipal.level1.EcommerceTest" time="0"/>
  <testcase name="testComplexCheckoutScenario" classname="com.learn.lld.designPrincipal.level1.EcommerceTest" time="0.025">
    <failure type="java.lang.AssertionError">java.lang.AssertionError
	at com.learn.lld.designPrincipal.level1.EcommerceTest.testComplexCheckoutScenario(EcommerceTest.java:122)
</failure>
  </testcase>
  <testcase name="testNegativeFixedDiscount" classname="com.learn.lld.designPrincipal.level1.EcommerceTest" time="0.001"/>
  <testcase name="testAddProduct" classname="com.learn.lld.designPrincipal.level1.EcommerceTest" time="0"/>
  <testcase name="testAddProductWithNegativeQuantity" classname="com.learn.lld.designPrincipal.level1.EcommerceTest" time="0"/>
  <testcase name="testCheckoutWithNullCard" classname="com.learn.lld.designPrincipal.level1.EcommerceTest" time="0"/>
  <testcase name="testSuccessfulCheckout" classname="com.learn.lld.designPrincipal.level1.EcommerceTest" time="0">
    <failure type="java.lang.AssertionError">java.lang.AssertionError
	at com.learn.lld.designPrincipal.level1.EcommerceTest.testSuccessfulCheckout(EcommerceTest.java:83)
</failure>
  </testcase>
</testsuite>